make --dry-run --keep-going --print-directory
make: Entering directory '/home/joe/repos/NoDice/SMB3Utilties'
gcc -std=c11 -g -c src/NoDice/gui_overlay.c -o o/NoDice/gui_overlay.o `pkg-config --cflags gtk+-2.0` `pkg-config --libs gtk+-2.0`
gcc -std=c11 -g -c src/NoDice/gui_property_box.c -o o/NoDice/gui_property_box.o `pkg-config --cflags gtk+-2.0` `pkg-config --libs gtk+-2.0`
gcc -std=c11 -g -c src/NoDice/edit.c -o o/NoDice/edit.o `pkg-config --cflags gtk+-2.0` `pkg-config --libs gtk+-2.0`
gcc -std=c11 -g -c src/NoDice/gui_combobox_simple.c -o o/NoDice/gui_combobox_simple.o `pkg-config --cflags gtk+-2.0` `pkg-config --libs gtk+-2.0`
gcc -std=c11 -g -c src/NoDiceLib/stristr.c -o o/NoDiceLib/stristr.o
gcc -std=c11 -g -c src/NoDiceLib/ram.c -o o/NoDiceLib/ram.o `pkg-config --cflags gtk+-2.0` `pkg-config --libs gtk+-2.0`
gcc -std=c11 -g -c src/NoDiceLib/exec.c -o o/NoDiceLib/exec.o `pkg-config --cflags gtk+-2.0` `pkg-config --libs gtk+-2.0`
gcc -std=c11 -g -c src/NoDiceLib/config.c -o o/NoDiceLib/config.o `pkg-config --cflags gtk+-2.0` `pkg-config --libs gtk+-2.0`
gcc -std=c11 -g -c src/NoDice/ppu.c -o o/NoDice/ppu.o `pkg-config --cflags gtk+-2.0` `pkg-config --libs gtk+-2.0`
gcc -std=c11 -g -c src/NoDice/gui_popups.c -o o/NoDice/gui_popups.o `pkg-config --cflags gtk+-2.0` `pkg-config --libs gtk+-2.0`
gcc -std=c11 -g -c src/NoDice/gui.c -o o/NoDice/gui.o `pkg-config --cflags gtk+-2.0` `pkg-config --libs gtk+-2.0`
gcc -std=c11 -g -c src/NoDiceLib/nodice.c -o o/NoDiceLib/NoDiceLib.o `pkg-config --cflags gtk+-2.0` `pkg-config --libs gtk+-2.0`
gcc -std=c11 -g -c src/NoDiceLib/ezxml.c -o o/NoDiceLib/ezxml.o `pkg-config --cflags gtk+-2.0` `pkg-config --libs gtk+-2.0`
gcc -std=c11 -g -c src/NoDice/gui_listbox.c -o o/NoDice/guictls.o `pkg-config --cflags gtk+-2.0` `pkg-config --libs gtk+-2.0`
gcc -std=c11 -g -c src/NoDice/NoDice.c -o o/NoDice/NoDice.o `pkg-config --cflags gtk+-2.0` `pkg-config --libs gtk+-2.0`
gcc -std=c11 -g -c src/NoDice/main.c -o o/NoDice/main.o `pkg-config --cflags gtk+-2.0` `pkg-config --libs gtk+-2.0`
gcc -std=c11 -g -o bin/nesasm o/M6502/M6502.o o/NoDice/gui_overlay.o o/NoDice/gui_property_box.o o/NoDice/edit.o o/NoDice/gui_combobox_simple.o o/NoDiceLib/stristr.o o/NoDiceLib/ram.o o/NoDiceLib/exec.o o/NoDiceLib/config.o o/NoDice/ppu.o o/NoDice/gui_popups.o o/NoDice/gui.o o/NoDiceLib/NoDiceLib.o o/NoDiceLib/ezxml.o o/NoDice/guictls.o o/NoDice/NoDice.o o/NoDice/main.o `pkg-config --cflags gtk+-2.0`  `pkg-config --libs gtk+-2.0`
make: Leaving directory '/home/joe/repos/NoDice/SMB3Utilties'
 
